2014-10-15 01:20:52.5006 DEBUG Get Drivers


2014-10-15 19:56:31.1039 DEBUG Get Drivers


2014-10-15 19:56:31.2730 DEBUG Get Drivers


2014-10-15 19:56:35.9683 ERROR GetDrivers
System.InvalidOperationException: The model backing the 'ModelContext' context has changed since the database was created. Consider using Code First Migrations to update the database (http://go.microsoft.com/fwlink/?LinkId=238269).
   в System.Data.Entity.CreateDatabaseIfNotExists`1.InitializeDatabase(TContext context)
   в System.Data.Entity.Internal.InternalContext.<>c__DisplayClassf`1.<CreateInitializationAction>b__e()
   в System.Data.Entity.Internal.InternalContext.PerformInitializationAction(Action action)
   в System.Data.Entity.Internal.InternalContext.PerformDatabaseInitialization()
   в System.Data.Entity.Internal.LazyInternalContext.<InitializeDatabase>b__4(InternalContext c)
   в System.Data.Entity.Internal.RetryAction`1.PerformAction(TInput input)
   в System.Data.Entity.Internal.LazyInternalContext.InitializeDatabaseAction(Action`1 action)
   в System.Data.Entity.Internal.LazyInternalContext.InitializeDatabase()
   в System.Data.Entity.Internal.InternalContext.Initialize()
   в System.Data.Entity.Internal.LazyInternalContext.get_ObjectContext()
   в System.Data.Entity.Database.BeginTransaction(IsolationLevel isolationLevel)
   в Dexpa.Infrastructure.Repositories.ARepository`1.List(Expression`1 expression) в c:\Repos\Depxa\WebApi\Dexpa.Infrastructure\Repositories\ARepository.cs:строка 76
   в Dexpa.Core.Services.DriverService.GetDrivers(Boolean includeFiredDrivers) в c:\Repos\Depxa\WebApi\Dexpa.Core\Services\DriverService.cs:строка 53
   в Yandex.Synchronizer.Controllers.YandexController.GetDrivers() в c:\Repos\Depxa\yandex.synchronizer\Yandex.Synchronizer\Controllers\YandexController.cs:строка 43    в System.Data.Entity.CreateDatabaseIfNotExists`1.InitializeDatabase(TContext context)
   в System.Data.Entity.Internal.InternalContext.<>c__DisplayClassf`1.<CreateInitializationAction>b__e()
   в System.Data.Entity.Internal.InternalContext.PerformInitializationAction(Action action)
   в System.Data.Entity.Internal.InternalContext.PerformDatabaseInitialization()
   в System.Data.Entity.Internal.LazyInternalContext.<InitializeDatabase>b__4(InternalContext c)
   в System.Data.Entity.Internal.RetryAction`1.PerformAction(TInput input)
   в System.Data.Entity.Internal.LazyInternalContext.InitializeDatabaseAction(Action`1 action)
   в System.Data.Entity.Internal.LazyInternalContext.InitializeDatabase()
   в System.Data.Entity.Internal.InternalContext.Initialize()
   в System.Data.Entity.Internal.LazyInternalContext.get_ObjectContext()
   в System.Data.Entity.Database.BeginTransaction(IsolationLevel isolationLevel)
   в Dexpa.Infrastructure.Repositories.ARepository`1.List(Expression`1 expression) в c:\Repos\Depxa\WebApi\Dexpa.Infrastructure\Repositories\ARepository.cs:строка 76
   в Dexpa.Core.Services.DriverService.GetDrivers(Boolean includeFiredDrivers) в c:\Repos\Depxa\WebApi\Dexpa.Core\Services\DriverService.cs:строка 53
   в Yandex.Synchronizer.Controllers.YandexController.GetDrivers() в c:\Repos\Depxa\yandex.synchronizer\Yandex.Synchronizer\Controllers\YandexController.cs:строка 43

2014-10-15 19:57:17.3050 DEBUG Get Drivers


2014-10-15 19:57:22.1664 ERROR GetDrivers
System.InvalidOperationException: The model backing the 'ModelContext' context has changed since the database was created. Consider using Code First Migrations to update the database (http://go.microsoft.com/fwlink/?LinkId=238269).
   в System.Data.Entity.CreateDatabaseIfNotExists`1.InitializeDatabase(TContext context)
   в System.Data.Entity.Internal.InternalContext.<>c__DisplayClassf`1.<CreateInitializationAction>b__e()
   в System.Data.Entity.Internal.InternalContext.PerformInitializationAction(Action action)
   в System.Data.Entity.Internal.InternalContext.PerformDatabaseInitialization()
   в System.Data.Entity.Internal.LazyInternalContext.<InitializeDatabase>b__4(InternalContext c)
   в System.Data.Entity.Internal.RetryAction`1.PerformAction(TInput input)
   в System.Data.Entity.Internal.LazyInternalContext.InitializeDatabaseAction(Action`1 action)
   в System.Data.Entity.Internal.LazyInternalContext.InitializeDatabase()
   в System.Data.Entity.Internal.InternalContext.Initialize()
   в System.Data.Entity.Internal.LazyInternalContext.get_ObjectContext()
   в System.Data.Entity.Database.BeginTransaction(IsolationLevel isolationLevel)
   в Dexpa.Infrastructure.Repositories.ARepository`1.List(Expression`1 expression) в c:\Repos\Depxa\WebApi\Dexpa.Infrastructure\Repositories\ARepository.cs:строка 76
   в Dexpa.Core.Services.DriverService.GetDrivers(Boolean includeFiredDrivers) в c:\Repos\Depxa\WebApi\Dexpa.Core\Services\DriverService.cs:строка 53
   в Yandex.Synchronizer.Controllers.YandexController.GetDrivers() в c:\Repos\Depxa\yandex.synchronizer\Yandex.Synchronizer\Controllers\YandexController.cs:строка 43    в System.Data.Entity.CreateDatabaseIfNotExists`1.InitializeDatabase(TContext context)
   в System.Data.Entity.Internal.InternalContext.<>c__DisplayClassf`1.<CreateInitializationAction>b__e()
   в System.Data.Entity.Internal.InternalContext.PerformInitializationAction(Action action)
   в System.Data.Entity.Internal.InternalContext.PerformDatabaseInitialization()
   в System.Data.Entity.Internal.LazyInternalContext.<InitializeDatabase>b__4(InternalContext c)
   в System.Data.Entity.Internal.RetryAction`1.PerformAction(TInput input)
   в System.Data.Entity.Internal.LazyInternalContext.InitializeDatabaseAction(Action`1 action)
   в System.Data.Entity.Internal.LazyInternalContext.InitializeDatabase()
   в System.Data.Entity.Internal.InternalContext.Initialize()
   в System.Data.Entity.Internal.LazyInternalContext.get_ObjectContext()
   в System.Data.Entity.Database.BeginTransaction(IsolationLevel isolationLevel)
   в Dexpa.Infrastructure.Repositories.ARepository`1.List(Expression`1 expression) в c:\Repos\Depxa\WebApi\Dexpa.Infrastructure\Repositories\ARepository.cs:строка 76
   в Dexpa.Core.Services.DriverService.GetDrivers(Boolean includeFiredDrivers) в c:\Repos\Depxa\WebApi\Dexpa.Core\Services\DriverService.cs:строка 53
   в Yandex.Synchronizer.Controllers.YandexController.GetDrivers() в c:\Repos\Depxa\yandex.synchronizer\Yandex.Synchronizer\Controllers\YandexController.cs:строка 43

2014-10-15 19:59:33.4280 DEBUG Get Drivers


2014-10-15 19:59:33.6232 DEBUG Get Drivers


